<?xml version="1.0" encoding="UTF-8"?>
<!-- Generated by org.testng.reporters.JUnitReportReporter -->
<testsuite skipped="0" hostname="EVT02094NB" name="guru.springframework.selenium.SeleniumTest" tests="4" failures="0" timestamp="11 Kas 2021 11:43:45 GMT" time="3.934" errors="0">
  <testcase name="testConnection" time="2.390" classname="guru.springframework.selenium.SeleniumTest"/>
  <testcase name="testGetId" time="0.066" classname="guru.springframework.selenium.SeleniumTest"/>
  <testcase name="testCreateProduct" time="0.393" classname="guru.springframework.selenium.SeleniumTest"/>
  <testcase name="testProductDetails" time="1.085" classname="guru.springframework.selenium.SeleniumTest"/>
</testsuite> <!-- guru.springframework.selenium.SeleniumTest -->
