<?xml version="1.0" encoding="UTF-8"?>
<!-- Generated by org.testng.reporters.JUnitReportReporter -->
<testsuite skipped="0" hostname="EVT02094NB" name="guru.springframework.cucumberTest.CucumberTestRunnerTest" tests="1" failures="0" timestamp="11 Kas 2021 12:07:20 GMT" time="11.280" errors="0">
  <testcase name="runScenario" time="11.280" classname="guru.springframework.cucumberTest.CucumberTestRunnerTest"/>
</testsuite> <!-- guru.springframework.cucumberTest.CucumberTestRunnerTest -->
